{"total": {"lines":{"total":55,"covered":34,"skipped":0,"pct":61.81},"statements":{"total":61,"covered":36,"skipped":0,"pct":59.01},"functions":{"total":16,"covered":10,"skipped":0,"pct":62.5},"branches":{"total":35,"covered":13,"skipped":0,"pct":37.14},"branchesTrue":{"total":0,"covered":0,"skipped":0,"pct":"Unknown"}}
,"/home/runner/work/react-hotkeys/react-hotkeys/src/index.tsx": {"lines":{"total":55,"covered":34,"skipped":0,"pct":61.81},"functions":{"total":16,"covered":10,"skipped":0,"pct":62.5},"statements":{"total":61,"covered":36,"skipped":0,"pct":59.01},"branches":{"total":35,"covered":13,"skipped":0,"pct":37.14}}
}
