TN:
SF:src/index.tsx
FN:23,(anonymous_0)
FN:29,(anonymous_1)
FN:45,(anonymous_2)
FN:65,(anonymous_3)
FN:70,(anonymous_4)
FN:76,(anonymous_5)
FN:96,(anonymous_6)
FN:97,(anonymous_7)
FN:100,(anonymous_8)
FN:103,(anonymous_9)
FN:108,(anonymous_10)
FN:120,(anonymous_11)
FN:130,(anonymous_12)
FN:133,(anonymous_13)
FN:135,(anonymous_14)
FN:142,(anonymous_15)
FNF:16
FNH:10
FNDA:1,(anonymous_0)
FNDA:25,(anonymous_1)
FNDA:0,(anonymous_2)
FNDA:0,(anonymous_3)
FNDA:0,(anonymous_4)
FNDA:0,(anonymous_5)
FNDA:4,(anonymous_6)
FNDA:3,(anonymous_7)
FNDA:3,(anonymous_8)
FNDA:6,(anonymous_9)
FNDA:24,(anonymous_10)
FNDA:3,(anonymous_11)
FNDA:23,(anonymous_12)
FNDA:2,(anonymous_13)
FNDA:0,(anonymous_14)
FNDA:0,(anonymous_15)
DA:23,1
DA:24,1
DA:25,1
DA:26,1
DA:29,1
DA:39,25
DA:41,25
DA:42,25
DA:45,25
DA:46,0
DA:48,0
DA:49,0
DA:52,0
DA:55,0
DA:56,0
DA:59,0
DA:60,0
DA:65,25
DA:66,0
DA:69,0
DA:70,0
DA:72,0
DA:76,0
DA:77,0
DA:78,0
DA:81,0
DA:86,0
DA:91,0
DA:92,0
DA:96,25
DA:98,3
DA:101,3
DA:104,6
DA:108,25
DA:110,24
DA:111,24
DA:115,24
DA:116,21
DA:117,21
DA:120,24
DA:121,3
DA:122,3
DA:124,3
DA:125,3
DA:130,25
DA:131,23
DA:133,2
DA:135,2
DA:138,2
DA:139,2
DA:142,2
DA:143,0
DA:144,0
DA:149,25
DA:152,1
LF:55
LH:34
BRDA:24,0,0,1
BRDA:24,0,1,0
BRDA:26,1,0,1
BRDA:26,1,1,1
BRDA:26,1,2,1
BRDA:26,1,3,1
BRDA:32,2,0,23
BRDA:46,3,0,0
BRDA:46,3,1,0
BRDA:52,4,0,0
BRDA:52,4,1,0
BRDA:52,5,0,0
BRDA:52,5,1,0
BRDA:59,6,0,0
BRDA:59,6,1,0
BRDA:66,7,0,0
BRDA:66,7,1,0
BRDA:66,8,0,0
BRDA:66,8,1,0
BRDA:77,9,0,0
BRDA:77,9,1,0
BRDA:91,10,0,0
BRDA:91,10,1,0
BRDA:110,11,0,24
BRDA:110,11,1,0
BRDA:115,12,0,21
BRDA:115,12,1,3
BRDA:121,13,0,3
BRDA:121,13,1,0
BRDA:131,14,0,21
BRDA:131,14,1,2
BRDA:138,15,0,2
BRDA:138,15,1,0
BRDA:143,16,0,0
BRDA:143,16,1,0
BRF:35
BRH:13
end_of_record
